2025-06-24 16:01:07,598 - INFO - 🚀 CSV-Debug gestartet
2025-06-24 16:01:07,599 - INFO - ================================================================================
2025-06-24 16:01:07,599 - INFO - 🎯 Test-Lieferscheinnummer aus Argument: '2025000182'
2025-06-24 16:01:07,599 - INFO - 🔍 Starte CSV-System-Debug
2025-06-24 16:01:07,599 - INFO - ================================================================================
2025-06-24 16:01:07,599 - INFO - 📂 Prüfe CSV-Verzeichnis: backend\pdfs\csv_lists
2025-06-24 16:01:07,600 - INFO - ✅ CSV-Verzeichnis gefunden: backend\pdfs\csv_lists
2025-06-24 16:01:07,602 - INFO - 📄 Suche nach CSV-Dateien...
2025-06-24 16:01:07,602 - INFO -    ✅ Gefunden: gelieferte_chargen_einkauf.csv (962634 Bytes)
2025-06-24 16:01:07,602 - INFO - 📊 1 CSV-Datei(en) gefunden
2025-06-24 16:01:07,603 - INFO - ------------------------------------------------------------
2025-06-24 16:01:07,603 - INFO - 🔍 Analysiere CSV: gelieferte_chargen_einkauf.csv
2025-06-24 16:01:07,603 - INFO -    📝 Encoding: utf-8-sig
2025-06-24 16:01:07,606 - INFO -    🔗 Delimiter: ';'
2025-06-24 16:01:07,607 - INFO -    📋 Spalten (26):
2025-06-24 16:01:07,608 - INFO -        1. 'LINR'
2025-06-24 16:01:07,608 - INFO -        2. 'LINAME'
2025-06-24 16:01:07,608 - INFO -        3. 'NAME1'
2025-06-24 16:01:07,608 - INFO -        4. 'BELFD'
2025-06-24 16:01:07,608 - INFO -        5. 'TLNR'
2025-06-24 16:01:07,608 - INFO -        6. 'AUART'
2025-06-24 16:01:07,609 - INFO -        7. 'AFTNR'
2025-06-24 16:01:07,609 - INFO -        8. 'APS'
2025-06-24 16:01:07,609 - INFO -        9. 'ABSN'
2025-06-24 16:01:07,609 - INFO -       10. 'ATNR'
2025-06-24 16:01:07,609 - INFO -       11. 'ARTIKEL'
2025-06-24 16:01:07,610 - INFO -       12. 'MATERIALNR'
2025-06-24 16:01:07,610 - INFO -       13. 'URLND'
2025-06-24 16:01:07,610 - INFO -       14. 'WARTARNR'
2025-06-24 16:01:07,610 - INFO -       15. 'MENGE'
2025-06-24 16:01:07,610 - INFO -       16. 'ERFMENGE'
2025-06-24 16:01:07,610 - INFO -       17. 'GEBINDEME'
2025-06-24 16:01:07,610 - INFO -       18. 'SNNR'
2025-06-24 16:01:07,610 - INFO -       19. 'SNNRALT'
2025-06-24 16:01:07,610 - INFO -       20. 'EINZELEK'
2025-06-24 16:01:07,611 - INFO -       21. 'LIEFERSCHEINNR'
2025-06-24 16:01:07,611 - INFO -       22. 'LIEFERDATUM'
2025-06-24 16:01:07,611 - INFO -       23. 'RENREX'
2025-06-24 16:01:07,611 - INFO -       24. 'REDAT'
2025-06-24 16:01:07,611 - INFO -       25. 'BIDSER'
2025-06-24 16:01:07,611 - INFO -       26. 'BID'
2025-06-24 16:01:07,611 - INFO -    ✅ Lieferschein-Spalte gefunden: ['LIEFERSCHEINNR']
2025-06-24 16:01:07,611 - INFO -    📦 Zeile 1 - LIEFERSCHEINNR: 'BE2407003'
2025-06-24 16:01:07,611 - INFO -    📦 Zeile 2 - LIEFERSCHEINNR: 'IM-240717PG'
2025-06-24 16:01:07,612 - INFO -    📦 Zeile 3 - LIEFERSCHEINNR: 'IM-240717PG'
2025-06-24 16:01:07,641 - INFO -    ✅ 4056 Datensätze geladen
2025-06-24 16:01:07,642 - INFO - ----------------------------------------
2025-06-24 16:01:07,642 - INFO - 📦 LIEFERSCHEINNUMMER-ANALYSE:
2025-06-24 16:01:07,644 - INFO -    📊 Gesamt: 3432 Einträge
2025-06-24 16:01:07,644 - INFO -    🎯 Eindeutig: 1379 verschiedene Lieferscheinnummern
2025-06-24 16:01:07,644 - INFO -    📋 Beispiel-Lieferscheinnummern:
2025-06-24 16:01:07,645 - INFO -        1. 'NEI2024000005911' (16x)
2025-06-24 16:01:07,645 - INFO -        2. '2407548' (1x)
2025-06-24 16:01:07,646 - INFO -        3. '49530167' (1x)
2025-06-24 16:01:07,646 - INFO -        4. '24004103' (1x)
2025-06-24 16:01:07,646 - INFO -        5. '779102' (1x)
2025-06-24 16:01:07,647 - INFO -        6. '226737' (5x)
2025-06-24 16:01:07,647 - INFO -        7. '2025000657' (5x)
2025-06-24 16:01:07,647 - INFO -        8. 'GL008872' (1x)
2025-06-24 16:01:07,648 - INFO -        9. 'IHR2025000000001' (18x)
2025-06-24 16:01:07,648 - INFO -       10. 'LS25000390' (1x)
2025-06-24 16:01:07,648 - INFO -       ... und 1369 weitere
2025-06-24 16:01:07,649 - INFO - ------------------------------------------------------------
2025-06-24 16:01:07,649 - INFO - 🎯 MATCHING-TEST für Lieferscheinnummer: '2025000182'
2025-06-24 16:01:07,650 - INFO -    ✅ Match 1: Zeile 2270 - Artikel: '96224 Adapter 221-643.27'
2025-06-24 16:01:07,650 - INFO -    🎉 1 Treffer gefunden!
2025-06-24 16:01:07,650 - INFO - ------------------------------------------------------------
2025-06-24 16:01:07,651 - INFO - ✅ CSV-Debug abgeschlossen
2025-06-24 16:01:07,651 - INFO - ================================================================================
2025-06-24 16:01:07,654 - INFO - 📝 Detaillierte Logs gespeichert in: csv_debug.log
